
compile:
   [depend] The class simpledb.systemtest.ScanTest$1InstrumentedHeapFile in file /Users/clairepare/Dropbox/My Mac (MacBook-Pro.attlocal.net)/Desktop/Northwestern/CS 339/cs339-lab2/bin/src/simpledb/systemtest/ScanTest$1InstrumentedHeapFile.class is out of date due to simpledb.storage.HeapFile but has not been deleted because its source file could not be determined
   [depend] The class simpledb.HeapFileReadTest in file /Users/clairepare/Dropbox/My Mac (MacBook-Pro.attlocal.net)/Desktop/Northwestern/CS 339/cs339-lab2/bin/src/simpledb/HeapFileReadTest.class is out of date due to simpledb.storage.HeapFile but has not been deleted because its source file could not be determined
   [depend] The class simpledb.systemtest.ScanTest in file /Users/clairepare/Dropbox/My Mac (MacBook-Pro.attlocal.net)/Desktop/Northwestern/CS 339/cs339-lab2/bin/src/simpledb/systemtest/ScanTest.class is out of date due to simpledb.storage.HeapFile but has not been deleted because its source file could not be determined
   [depend] Deleted 4 out of date files in 0 seconds
    [javac] Compiling 3 source files to /Users/clairepare/Dropbox/My Mac (MacBook-Pro.attlocal.net)/Desktop/Northwestern/CS 339/cs339-lab2/bin/src
    [javac] warning: [options] bootstrap class path not set in conjunction with -source 8
    [javac] warning: [options] source value 8 is obsolete and will be removed in a future release
    [javac] warning: [options] To suppress warnings about obsolete options, use -Xlint:-options.
    [javac] 3 warnings

testcompile:

systemtest:
    [junit] Running simpledb.systemtest.ScanTest
    [junit] Testsuite: simpledb.systemtest.ScanTest
    [junit] Tests run: 4, Failures: 0, Errors: 1, Skipped: 0, Time elapsed: 0.817 sec
    [junit] Tests run: 4, Failures: 0, Errors: 1, Skipped: 0, Time elapsed: 0.817 sec
    [junit] 
    [junit] Testcase: testTupleDesc took 0.315 sec
    [junit] Testcase: testCache took 0.379 sec
    [junit] Testcase: testSmall took 0.088 sec
    [junit] 	Caused an ERROR
    [junit] open: couldn't access DB General error creating HeapPage caught by HeapPage: Index 42 out of bounds for length 42
    [junit] simpledb.common.DbException: open: couldn't access DB General error creating HeapPage caught by HeapPage: Index 42 out of bounds for length 42
    [junit] 	at simpledb.storage.HeapFile$HeapFileIterator.open(HeapFile.java:170)
    [junit] 	at simpledb.execution.SeqScan.open(SeqScan.java:96)
    [junit] 	at simpledb.systemtest.SystemTestUtil.matchTuples(SystemTestUtil.java:126)
    [junit] 	at simpledb.systemtest.SystemTestUtil.matchTuples(SystemTestUtil.java:112)
    [junit] 	at simpledb.systemtest.SystemTestUtil.matchTuples(SystemTestUtil.java:105)
    [junit] 	at simpledb.systemtest.ScanTest.validateScan(ScanTest.java:38)
    [junit] 	at simpledb.systemtest.ScanTest.testSmall(ScanTest.java:49)
    [junit] 	at java.base/jdk.internal.reflect.DirectMethodHandleAccessor.invoke(DirectMethodHandleAccessor.java:103)
    [junit] 
    [junit] Testcase: testRewind took 0.004 sec

BUILD FAILED
/Users/clairepare/Dropbox/My Mac (MacBook-Pro.attlocal.net)/Desktop/Northwestern/CS 339/cs339-lab2/build.xml:233: The following error occurred while executing this line:
/Users/clairepare/Dropbox/My Mac (MacBook-Pro.attlocal.net)/Desktop/Northwestern/CS 339/cs339-lab2/build.xml:63: Test simpledb.systemtest.ScanTest failed

Total time: 3 seconds
